Started GET "/" for ::1 at 2019-05-09 21:54:04 -0400
Processing by KeyboardDemosController#demo1 as HTML
  Rendering keyboard_demos/demo1.html.erb within layouts/application
  Rendered keyboard_demos/demo1.html.erb within layouts/application (1.7ms)
Completed 200 OK in 1236ms (Views: 1204.4ms | ActiveRecord: 0.0ms)


Started GET "/" for ::1 at 2019-05-09 21:54:49 -0400
Processing by KeyboardDemosController#demo1 as HTML
  Rendering keyboard_demos/demo1.html.erb within layouts/application
  Rendered keyboard_demos/demo1.html.erb within layouts/application (0.6ms)
Completed 200 OK in 354ms (Views: 273.3ms | ActiveRecord: 0.0ms)


Started GET "/" for ::1 at 2019-05-09 22:00:39 -0400
Processing by KeyboardDemosController#demo1 as HTML
  Rendering keyboard_demos/demo1.html.erb within layouts/application
  Rendered keyboard_demos/demo1.html.erb within layouts/application (6.1ms)
Completed 200 OK in 818ms (Views: 809.2ms | ActiveRecord: 0.0ms)


Started GET "/" for ::1 at 2019-05-09 22:01:18 -0400
Processing by KeyboardDemosController#demo1 as HTML
  Rendering keyboard_demos/demo1.html.erb within layouts/application
  Rendered keyboard_demos/demo1.html.erb within layouts/application (0.6ms)
Completed 200 OK in 147ms (Views: 125.1ms | ActiveRecord: 0.0ms)


Started GET "/" for ::1 at 2019-05-09 22:14:45 -0400
Processing by KeyboardDemosController#demo1 as HTML
  Rendering keyboard_demos/demo1.html.erb within layouts/application
  Rendered keyboard_demos/demo1.html.erb within layouts/application (0.5ms)
Completed 200 OK in 748ms (Views: 746.1ms | ActiveRecord: 0.0ms)


Started GET "/" for ::1 at 2019-05-09 22:17:21 -0400
Processing by KeyboardDemosController#demo1 as HTML
  Rendering keyboard_demos/demo1.html.erb within layouts/application
  Rendered keyboard_demos/demo1.html.erb within layouts/application (0.5ms)
Completed 200 OK in 230ms (Views: 227.3ms | ActiveRecord: 0.0ms)


Started GET "/" for ::1 at 2019-05-09 22:20:46 -0400
Processing by KeyboardDemosController#demo1 as HTML
  Rendering keyboard_demos/demo1.html.erb within layouts/application
  Rendered keyboard_demos/demo1.html.erb within layouts/application (0.4ms)
Completed 200 OK in 265ms (Views: 262.4ms | ActiveRecord: 0.0ms)


Started GET "/" for ::1 at 2019-05-09 22:21:08 -0400
Processing by KeyboardDemosController#demo1 as HTML
  Rendering keyboard_demos/demo1.html.erb within layouts/application
  Rendered keyboard_demos/demo1.html.erb within layouts/application (0.4ms)
Completed 200 OK in 522ms (Views: 519.6ms | ActiveRecord: 0.0ms)


Started GET "/" for ::1 at 2019-05-09 22:27:29 -0400
Processing by KeyboardDemosController#demo1 as HTML
  Rendering keyboard_demos/demo1.html.erb within layouts/application
  Rendered keyboard_demos/demo1.html.erb within layouts/application (0.6ms)
Completed 200 OK in 462ms (Views: 457.5ms | ActiveRecord: 0.0ms)


Started GET "/" for ::1 at 2019-05-09 22:29:52 -0400
Processing by KeyboardDemosController#demo1 as HTML
  Rendering keyboard_demos/demo1.html.erb within layouts/application
  Rendered keyboard_demos/demo1.html.erb within layouts/application (0.4ms)
Completed 200 OK in 36ms (Views: 33.0ms | ActiveRecord: 0.0ms)


Started GET "/" for ::1 at 2019-05-09 22:30:13 -0400
Processing by KeyboardDemosController#demo1 as HTML
  Rendering keyboard_demos/demo1.html.erb within layouts/application
  Rendered keyboard_demos/demo1.html.erb within layouts/application (0.4ms)
Completed 200 OK in 44ms (Views: 41.2ms | ActiveRecord: 0.0ms)


Started GET "/" for ::1 at 2019-05-09 22:32:20 -0400
Processing by KeyboardDemosController#demo1 as HTML
  Rendering keyboard_demos/demo1.html.erb within layouts/application
  Rendered keyboard_demos/demo1.html.erb within layouts/application (0.4ms)
Completed 200 OK in 57ms (Views: 54.3ms | ActiveRecord: 0.0ms)


